<!DOCTYPE html PUBLIC "-//W3C//DTD XHTML 1.1//EN" "https://www.w3.org/TR/xhtml11/DTD/xhtml11.dtd">
<html xmlns="https://www.w3.org/1999/xhtml">
<head>
<meta http-equiv="content-type" content="text/html; charset=UTF-8"/>
<title>TestNG Report</title>
<style type="text/css">table {margin-bottom:10px;border-collapse:collapse;empty-cells:show}th,td {border:1px solid #009;padding:.25em .5em}th {vertical-align:bottom}td {vertical-align:top}table a {font-weight:bold}.stripe td {background-color: #E6EBF9}.num {text-align:right}.passedodd td {background-color: #3F3}.passedeven td {background-color: #0A0}.skippedodd td {background-color: #DDD}.skippedeven td {background-color: #CCC}.failedodd td,.attn {background-color: #F33}.failedeven td,.stripe .attn {background-color: #D00}.stacktrace {white-space:pre;font-family:monospace}.totop {font-size:85%;text-align:center;border-bottom:2px solid #000}.invisible {display:none}</style>
</head>
<body>
<table>
<tr><th>Test</th><th># Passed</th><th># Skipped</th><th># Retried</th><th># Failed</th><th>Time (ms)</th><th>Included Groups</th><th>Excluded Groups</th></tr>
<tr><th colspan="8">Failed suite [Default suite]</th></tr>
<tr><td><a href="#t0">Default test(failed)</a></td><td class="num">0</td><td class="num attn">2</td><td class="num">0</td><td class="num">0</td><td class="num">96</td><td></td><td></td></tr>
</table>
<table id='summary'><thead><tr><th>Class</th><th>Method</th><th>Start</th><th>Time (ms)</th></tr></thead><tbody><tr><th colspan="4">Failed suite [Default suite]</th></tr></tbody><tbody id="t0"><tr><th colspan="4">Default test(failed) &#8212; failed (configuration methods)</th></tr><tr class="failedeven"><td rowspan="1">testNG.TestNG</td><td><a href="#m0">launchBrowser</a></td><td rowspan="1">1645555340442</td><td rowspan="1">-1645555340442</td></tr><tr><th colspan="4">Default test(failed) &#8212; skipped (configuration methods)</th></tr><tr class="skippedeven"><td rowspan="6">testNG.TestNG</td><td><a href="#m1">closedBrowser</a></td><td rowspan="1">1645555340527</td><td rowspan="1">0</td></tr><tr class="skippedeven"><td><a href="#m2">endBrowser</a></td><td rowspan="2">1645555340516</td><td rowspan="2">0</td></tr><tr class="skippedeven"><td><a href="#m3">endBrowser</a></td></tr><tr class="skippedeven"><td><a href="#m4">initializePomClasses</a></td><td rowspan="1">1645555340482</td><td rowspan="1">0</td></tr><tr class="skippedeven"><td><a href="#m5">vedioFunction</a></td><td rowspan="2">1645555340519</td><td rowspan="2">0</td></tr><tr class="skippedeven"><td><a href="#m6">vedioFunction</a></td></tr><tr><th colspan="4">Default test(failed) &#8212; skipped</th></tr><tr class="skippedeven"><td rowspan="2">testNG.TestNG</td><td><a href="#m7">toVerifyUploadVedio</a></td><td rowspan="1">1645555340520</td><td rowspan="1">0</td></tr><tr class="skippedeven"><td><a href="#m8">toVerifyVedioTab</a></td><td rowspan="1">1645555340509</td><td rowspan="1">1</td></tr></tbody>
</table>
<h2>Default test(failed)</h2><h3 id="m0">testNG.TestNG#launchBrowser</h3><table class="result"><tr><th>Exception</th></tr><tr><td><div class="stacktrace">org.testng.TestNGException: 
Parameter &apos;browser&apos; is required by BeforeTest on method launchBrowser but has not been marked @Optional or defined
in C:\Users\jadha\java demo\Javaworld\mycode\Application_reddif\test-output\testng-failed.xml
... Removed 21 stack frames</div></td></tr></table><p class="totop"><a href="#summary">back to summary</a></p>
<h3 id="m1">testNG.TestNG#closedBrowser</h3><table class="result"><tr><th class="invisible"/></tr></table><p class="totop"><a href="#summary">back to summary</a></p>
<h3 id="m2">testNG.TestNG#endBrowser</h3><table class="result"><tr><th class="invisible"/></tr></table><p class="totop"><a href="#summary">back to summary</a></p>
<h3 id="m3">testNG.TestNG#endBrowser</h3><table class="result"><tr><th class="invisible"/></tr></table><p class="totop"><a href="#summary">back to summary</a></p>
<h3 id="m4">testNG.TestNG#initializePomClasses</h3><table class="result"><tr><th class="invisible"/></tr></table><p class="totop"><a href="#summary">back to summary</a></p>
<h3 id="m5">testNG.TestNG#vedioFunction</h3><table class="result"><tr><th class="invisible"/></tr></table><p class="totop"><a href="#summary">back to summary</a></p>
<h3 id="m6">testNG.TestNG#vedioFunction</h3><table class="result"><tr><th class="invisible"/></tr></table><p class="totop"><a href="#summary">back to summary</a></p>
<h3 id="m7">testNG.TestNG#toVerifyUploadVedio</h3><table class="result"><tr><th>Exception</th></tr><tr><td><div class="stacktrace">org.testng.TestNGException: 
Parameter &apos;browser&apos; is required by BeforeTest on method launchBrowser but has not been marked @Optional or defined
in C:\Users\jadha\java demo\Javaworld\mycode\Application_reddif\test-output\testng-failed.xml
... Removed 21 stack frames</div></td></tr></table><p class="totop"><a href="#summary">back to summary</a></p>
<h3 id="m8">testNG.TestNG#toVerifyVedioTab</h3><table class="result"><tr><th>Exception</th></tr><tr><td><div class="stacktrace">org.testng.TestNGException: 
Parameter &apos;browser&apos; is required by BeforeTest on method launchBrowser but has not been marked @Optional or defined
in C:\Users\jadha\java demo\Javaworld\mycode\Application_reddif\test-output\testng-failed.xml
... Removed 21 stack frames</div></td></tr></table><p class="totop"><a href="#summary">back to summary</a></p>
</body>
</html>
