<?xml version="1.0" encoding="UTF-8"?>
<!-- Generated by org.testng.reporters.JUnitXMLReporter -->
<testsuite ignored="0" hostname="DESKTOP-RL1081V" failures="0" tests="2" name="Default test" time="0.109" errors="0" timestamp="2022-02-23T00:09:58 IST">
  <testcase classname="testNG.TestNG" name="@BeforeTest launchBrowser" time="-1.64555519864E9">
    <failure type="org.testng.TestNGException" message="
Parameter &amp;apos;browser&amp;apos; is required by BeforeTest on method launchBrowser but has not been marked @Optional or defined
in C:\Users\jadha\AppData\Local\Temp\testng-eclipse--750107046\testng-customsuite.xml">
      <![CDATA[org.testng.TestNGException: 
Parameter 'browser' is required by BeforeTest on method launchBrowser but has not been marked @Optional or defined
in C:\Users\jadha\AppData\Local\Temp\testng-eclipse--750107046\testng-customsuite.xml
at org.testng.internal.Parameters.createParams(Parameters.java:267)
at org.testng.internal.Parameters.createParametersForMethod(Parameters.java:355)
at org.testng.internal.Parameters.createParameters(Parameters.java:660)
at org.testng.internal.Parameters.createConfigurationParameters(Parameters.java:166)
at org.testng.internal.invokers.ConfigInvoker.invokeConfigurations(ConfigInvoker.java:300)
at org.testng.TestRunner.invokeTestConfigurations(TestRunner.java:645)
at org.testng.TestRunner.beforeRun(TestRunner.java:634)
at org.testng.TestRunner.run(TestRunner.java:596)
at org.testng.SuiteRunner.runTest(SuiteRunner.java:429)
at org.testng.SuiteRunner.runSequentially(SuiteRunner.java:423)
at org.testng.SuiteRunner.privateRun(SuiteRunner.java:383)
at org.testng.SuiteRunner.run(SuiteRunner.java:326)
at org.testng.SuiteRunnerWorker.runSuite(SuiteRunnerWorker.java:52)
at org.testng.SuiteRunnerWorker.run(SuiteRunnerWorker.java:95)
at org.testng.TestNG.runSuitesSequentially(TestNG.java:1249)
at org.testng.TestNG.runSuitesLocally(TestNG.java:1169)
at org.testng.TestNG.runSuites(TestNG.java:1092)
at org.testng.TestNG.run(TestNG.java:1060)
at org.testng.remote.AbstractRemoteTestNG.run(AbstractRemoteTestNG.java:115)
at org.testng.remote.RemoteTestNG.initAndRun(RemoteTestNG.java:251)
at org.testng.remote.RemoteTestNG.main(RemoteTestNG.java:77)
]]>
    </failure>
  </testcase> <!-- @BeforeTest launchBrowser -->
  <testcase classname="testNG.TestNG" name="@BeforeClass initializePomClasses" time="0.0">
    <skipped/>
  </testcase> <!-- @BeforeClass initializePomClasses -->
  <testcase classname="testNG.TestNG" name="@BeforeMethod vedioFunction" time="0.0">
    <skipped/>
  </testcase> <!-- @BeforeMethod vedioFunction -->
  <testcase classname="testNG.TestNG" name="@AfterMethod endBrowser" time="0.0">
    <skipped/>
  </testcase> <!-- @AfterMethod endBrowser -->
  <testcase classname="testNG.TestNG" name="@BeforeMethod vedioFunction" time="0.0">
    <skipped/>
  </testcase> <!-- @BeforeMethod vedioFunction -->
  <testcase classname="testNG.TestNG" name="@AfterMethod endBrowser" time="0.0">
    <skipped/>
  </testcase> <!-- @AfterMethod endBrowser -->
  <testcase classname="testNG.TestNG" name="@AfterClass closedBrowser" time="0.0">
    <skipped/>
  </testcase> <!-- @AfterClass closedBrowser -->
  <testcase classname="testNG.TestNG" name="toVerifyUploadVedio" time="0.001">
    <skipped/>
  </testcase> <!-- toVerifyUploadVedio -->
  <testcase classname="testNG.TestNG" name="toVerifyVedioTab" time="0.0">
    <skipped/>
  </testcase> <!-- toVerifyVedioTab -->
</testsuite> <!-- Default test -->
